<?xml version="1.0" encoding="UTF-8"?>
<testng-results skipped="0" failed="1" total="4" passed="3">
  <reporter-output>
  </reporter-output>
  <suite name="Suite" duration-ms="59512" started-at="2018-03-06T04:44:45Z" finished-at="2018-03-06T04:45:45Z">
    <groups>
    </groups>
    <test name="TestLoginFunctionality" duration-ms="37212" started-at="2018-03-06T04:44:45Z" finished-at="2018-03-06T04:45:23Z">
      <class name="Academy.HomePage">
        <test-method status="PASS" signature="initializeBrowser()[pri:0, instance:Academy.HomePage@783e6358]" name="initializeBrowser" is-config="true" duration-ms="3961" started-at="2018-03-05T23:44:45Z" finished-at="2018-03-05T23:44:49Z">
          <reporter-output>
          </reporter-output>
        </test-method> <!-- initializeBrowser -->
        <test-method status="PASS" signature="HomePageNavigation(java.lang.String, java.lang.String)[pri:0, instance:Academy.HomePage@783e6358]" name="HomePageNavigation" duration-ms="22927" started-at="2018-03-05T23:44:49Z" data-provider="getData" finished-at="2018-03-05T23:45:12Z">
          <params>
            <param index="0">
              <value>
                <![CDATA[saranya@gmail.com]]>
              </value>
            </param>
            <param index="1">
              <value>
                <![CDATA[12345]]>
              </value>
            </param>
          </params>
          <reporter-output>
          </reporter-output>
        </test-method> <!-- HomePageNavigation -->
        <test-method status="PASS" signature="HomePageNavigation(java.lang.String, java.lang.String)[pri:0, instance:Academy.HomePage@783e6358]" name="HomePageNavigation" duration-ms="10142" started-at="2018-03-05T23:45:12Z" data-provider="getData" finished-at="2018-03-05T23:45:22Z">
          <params>
            <param index="0">
              <value>
                <![CDATA[pavan@gmail.com]]>
              </value>
            </param>
            <param index="1">
              <value>
                <![CDATA[12345789]]>
              </value>
            </param>
          </params>
          <reporter-output>
          </reporter-output>
        </test-method> <!-- HomePageNavigation -->
        <test-method status="PASS" signature="closeBrowser()[pri:0, instance:Academy.HomePage@783e6358]" name="closeBrowser" is-config="true" duration-ms="173" started-at="2018-03-05T23:45:22Z" finished-at="2018-03-05T23:45:23Z">
          <reporter-output>
          </reporter-output>
        </test-method> <!-- closeBrowser -->
      </class> <!-- Academy.HomePage -->
    </test> <!-- TestLoginFunctionality -->
    <test name="TestValidationText" duration-ms="11572" started-at="2018-03-06T04:45:23Z" finished-at="2018-03-06T04:45:34Z">
      <class name="Academy.validatetext">
        <test-method status="PASS" signature="initializeBrowser()[pri:0, instance:Academy.validatetext@35fb3008]" name="initializeBrowser" is-config="true" duration-ms="9272" started-at="2018-03-05T23:45:23Z" finished-at="2018-03-05T23:45:32Z">
          <reporter-output>
          </reporter-output>
        </test-method> <!-- initializeBrowser -->
        <test-method status="FAIL" signature="textValidation()[pri:0, instance:Academy.validatetext@35fb3008]" name="textValidation" duration-ms="135" started-at="2018-03-05T23:45:32Z" finished-at="2018-03-05T23:45:32Z">
          <exception class="java.lang.AssertionError">
            <message>
              <![CDATA[expected [CHECK IT OUT] but found []]]>
            </message>
            <full-stacktrace>
              <![CDATA[java.lang.AssertionError: expected [CHECK IT OUT] but found []
	at org.testng.Assert.fail(Assert.java:94)
	at org.testng.Assert.failNotEquals(Assert.java:494)
	at org.testng.Assert.assertEquals(Assert.java:123)
	at org.testng.Assert.assertEquals(Assert.java:176)
	at org.testng.Assert.assertEquals(Assert.java:186)
	at Academy.validatetext.textValidation(validatetext.java:31)
	at sun.reflect.NativeMethodAccessorImpl.invoke0(Native Method)
	at sun.reflect.NativeMethodAccessorImpl.invoke(NativeMethodAccessorImpl.java:62)
	at sun.reflect.DelegatingMethodAccessorImpl.invoke(DelegatingMethodAccessorImpl.java:43)
	at java.lang.reflect.Method.invoke(Method.java:498)
	at org.testng.internal.MethodInvocationHelper.invokeMethod(MethodInvocationHelper.java:80)
	at org.testng.internal.Invoker.invokeMethod(Invoker.java:714)
	at org.testng.internal.Invoker.invokeTestMethod(Invoker.java:901)
	at org.testng.internal.Invoker.invokeTestMethods(Invoker.java:1231)
	at org.testng.internal.TestMethodWorker.invokeTestMethods(TestMethodWorker.java:127)
	at org.testng.internal.TestMethodWorker.run(TestMethodWorker.java:111)
	at org.testng.TestRunner.privateRun(TestRunner.java:767)
	at org.testng.TestRunner.run(TestRunner.java:617)
	at org.testng.SuiteRunner.runTest(SuiteRunner.java:334)
	at org.testng.SuiteRunner.runSequentially(SuiteRunner.java:329)
	at org.testng.SuiteRunner.privateRun(SuiteRunner.java:291)
	at org.testng.SuiteRunner.run(SuiteRunner.java:240)
	at org.testng.SuiteRunnerWorker.runSuite(SuiteRunnerWorker.java:52)
	at org.testng.SuiteRunnerWorker.run(SuiteRunnerWorker.java:86)
	at org.testng.TestNG.runSuitesSequentially(TestNG.java:1198)
	at org.testng.TestNG.runSuitesLocally(TestNG.java:1123)
	at org.testng.TestNG.run(TestNG.java:1031)
	at org.apache.maven.surefire.testng.TestNGExecutor.run(TestNGExecutor.java:283)
	at org.apache.maven.surefire.testng.TestNGXmlTestSuite.execute(TestNGXmlTestSuite.java:75)
	at org.apache.maven.surefire.testng.TestNGProvider.invoke(TestNGProvider.java:120)
	at org.apache.maven.surefire.booter.ForkedBooter.invokeProviderInSameClassLoader(ForkedBooter.java:373)
	at org.apache.maven.surefire.booter.ForkedBooter.runSuitesInProcess(ForkedBooter.java:334)
	at org.apache.maven.surefire.booter.ForkedBooter.execute(ForkedBooter.java:119)
	at org.apache.maven.surefire.booter.ForkedBooter.main(ForkedBooter.java:407)
]]>
            </full-stacktrace>
          </exception> <!-- java.lang.AssertionError -->
          <reporter-output>
          </reporter-output>
        </test-method> <!-- textValidation -->
        <test-method status="PASS" signature="closeBrowser()[pri:0, instance:Academy.validatetext@35fb3008]" name="closeBrowser" is-config="true" duration-ms="2148" started-at="2018-03-05T23:45:32Z" finished-at="2018-03-05T23:45:34Z">
          <reporter-output>
          </reporter-output>
        </test-method> <!-- closeBrowser -->
      </class> <!-- Academy.validatetext -->
    </test> <!-- TestValidationText -->
    <test name="TestNavigationBar" duration-ms="10673" started-at="2018-03-06T04:45:34Z" finished-at="2018-03-06T04:45:45Z">
      <class name="Academy.validateNavigation">
        <test-method status="PASS" signature="initializeBrowser()[pri:0, instance:Academy.validateNavigation@52af6cff]" name="initializeBrowser" is-config="true" duration-ms="9793" started-at="2018-03-05T23:45:34Z" finished-at="2018-03-05T23:45:44Z">
          <reporter-output>
          </reporter-output>
        </test-method> <!-- initializeBrowser -->
        <test-method status="PASS" signature="NavigationbarValidation()[pri:0, instance:Academy.validateNavigation@52af6cff]" name="NavigationbarValidation" duration-ms="460" started-at="2018-03-05T23:45:44Z" finished-at="2018-03-05T23:45:44Z">
          <reporter-output>
          </reporter-output>
        </test-method> <!-- NavigationbarValidation -->
        <test-method status="PASS" signature="closeBrowser()[pri:0, instance:Academy.validateNavigation@52af6cff]" name="closeBrowser" is-config="true" duration-ms="419" started-at="2018-03-05T23:45:44Z" finished-at="2018-03-05T23:45:45Z">
          <reporter-output>
          </reporter-output>
        </test-method> <!-- closeBrowser -->
      </class> <!-- Academy.validateNavigation -->
    </test> <!-- TestNavigationBar -->
    <test name="Test" duration-ms="1" started-at="2018-03-06T04:45:45Z" finished-at="2018-03-06T04:45:45Z">
    </test> <!-- Test -->
  </suite> <!-- Suite -->
</testng-results>
